[2025-10-06T16:17:36.799+0000] {manager.py:483} INFO - Processing files using up to 2 processes at a time 
[2025-10-06T16:17:36.800+0000] {manager.py:484} INFO - Process each file at most once every 30 seconds
[2025-10-06T16:17:36.801+0000] {manager.py:486} INFO - Checking for new files in /opt/airflow/dags every 300 seconds
[2025-10-06T16:17:36.804+0000] {manager.py:726} INFO - Searching for files in /opt/airflow/dags
[2025-10-06T16:17:36.815+0000] {manager.py:729} INFO - There are 1 files in /opt/airflow/dags
[2025-10-06T16:17:36.858+0000] {manager.py:854} INFO - 
================================================================================
DAG File Processing Stats

File Path                       PID  Runtime      # DAGs    # Errors  Last Runtime    Last Run
----------------------------  -----  ---------  --------  ----------  --------------  ----------
/opt/airflow/dags/airflow.py     66  0.02s             0           0
================================================================================
[2025-10-06T16:18:07.071+0000] {manager.py:854} INFO - 
================================================================================
DAG File Processing Stats

File Path                       PID  Runtime      # DAGs    # Errors  Last Runtime    Last Run
----------------------------  -----  ---------  --------  ----------  --------------  -------------------
/opt/airflow/dags/airflow.py    103  0.00s             0           1  0.03s           2025-10-06T16:17:36
================================================================================
[2025-10-06T16:18:37.292+0000] {manager.py:854} INFO - 
================================================================================
DAG File Processing Stats

File Path                       PID  Runtime      # DAGs    # Errors  Last Runtime    Last Run
----------------------------  -----  ---------  --------  ----------  --------------  -------------------
/opt/airflow/dags/airflow.py    158  0.01s             0           1  0.03s           2025-10-06T16:18:07
================================================================================
[2025-10-06T16:19:07.535+0000] {manager.py:854} INFO - 
================================================================================
DAG File Processing Stats

File Path                       PID  Runtime      # DAGs    # Errors  Last Runtime    Last Run
----------------------------  -----  ---------  --------  ----------  --------------  -------------------
/opt/airflow/dags/airflow.py    213  0.00s             0           1  0.03s           2025-10-06T16:18:37
================================================================================
[2025-10-06T16:19:37.847+0000] {manager.py:854} INFO - 
================================================================================
DAG File Processing Stats

File Path                       PID  Runtime      # DAGs    # Errors  Last Runtime    Last Run
----------------------------  -----  ---------  --------  ----------  --------------  -------------------
/opt/airflow/dags/airflow.py    268  0.00s             0           1  0.04s           2025-10-06T16:19:07
================================================================================
[2025-10-06T16:20:08.064+0000] {manager.py:854} INFO - 
================================================================================
DAG File Processing Stats

File Path                       PID  Runtime      # DAGs    # Errors  Last Runtime    Last Run
----------------------------  -----  ---------  --------  ----------  --------------  -------------------
/opt/airflow/dags/airflow.py    305  0.00s             0           1  0.02s           2025-10-06T16:19:37
================================================================================
[2025-10-06T16:20:38.314+0000] {manager.py:854} INFO - 
================================================================================
DAG File Processing Stats

File Path                       PID  Runtime      # DAGs    # Errors  Last Runtime    Last Run
----------------------------  -----  ---------  --------  ----------  --------------  -------------------
/opt/airflow/dags/airflow.py    359  0.01s             0           1  0.03s           2025-10-06T16:20:08
================================================================================
[2025-10-06T16:21:08.566+0000] {manager.py:854} INFO - 
================================================================================
DAG File Processing Stats

File Path                       PID  Runtime      # DAGs    # Errors  Last Runtime    Last Run
----------------------------  -----  ---------  --------  ----------  --------------  -------------------
/opt/airflow/dags/airflow.py    414  0.01s             0           1  0.04s           2025-10-06T16:20:38
================================================================================
[2025-10-06T16:21:38.820+0000] {manager.py:854} INFO - 
================================================================================
DAG File Processing Stats

File Path                       PID  Runtime      # DAGs    # Errors  Last Runtime    Last Run
----------------------------  -----  ---------  --------  ----------  --------------  -------------------
/opt/airflow/dags/airflow.py    469  0.01s             0           1  0.04s           2025-10-06T16:21:08
================================================================================
[2025-10-06T16:22:09.072+0000] {manager.py:854} INFO - 
================================================================================
DAG File Processing Stats

File Path                       PID  Runtime      # DAGs    # Errors  Last Runtime    Last Run
----------------------------  -----  ---------  --------  ----------  --------------  -------------------
/opt/airflow/dags/airflow.py    506  0.01s             0           1  0.04s           2025-10-06T16:21:38
================================================================================
[2025-10-06T16:22:37.309+0000] {manager.py:726} INFO - Searching for files in /opt/airflow/dags
[2025-10-06T16:22:37.317+0000] {manager.py:729} INFO - There are 1 files in /opt/airflow/dags
[2025-10-06T16:22:39.350+0000] {manager.py:854} INFO - 
================================================================================
DAG File Processing Stats

File Path                       PID  Runtime      # DAGs    # Errors  Last Runtime    Last Run
----------------------------  -----  ---------  --------  ----------  --------------  -------------------
/opt/airflow/dags/airflow.py    561  0.00s             0           1  0.04s           2025-10-06T16:22:09
================================================================================
[2025-10-06T16:23:09.593+0000] {manager.py:854} INFO - 
================================================================================
DAG File Processing Stats

File Path                       PID  Runtime      # DAGs    # Errors  Last Runtime    Last Run
----------------------------  -----  ---------  --------  ----------  --------------  -------------------
/opt/airflow/dags/airflow.py    616  0.01s             0           1  0.02s           2025-10-06T16:22:39
================================================================================
[2025-10-06T16:23:39.862+0000] {manager.py:854} INFO - 
================================================================================
DAG File Processing Stats

File Path                       PID  Runtime      # DAGs    # Errors  Last Runtime    Last Run
----------------------------  -----  ---------  --------  ----------  --------------  -------------------
/opt/airflow/dags/airflow.py    671  0.01s             0           1  0.04s           2025-10-06T16:23:09
================================================================================
[2025-10-06T16:24:10.125+0000] {manager.py:854} INFO - 
================================================================================
DAG File Processing Stats

File Path                       PID  Runtime      # DAGs    # Errors  Last Runtime    Last Run
----------------------------  -----  ---------  --------  ----------  --------------  -------------------
/opt/airflow/dags/airflow.py    708  0.01s             0           1  0.04s           2025-10-06T16:23:39
================================================================================
[2025-10-06T16:24:40.375+0000] {manager.py:854} INFO - 
================================================================================
DAG File Processing Stats

File Path                       PID  Runtime      # DAGs    # Errors  Last Runtime    Last Run
----------------------------  -----  ---------  --------  ----------  --------------  -------------------
/opt/airflow/dags/airflow.py    763  0.01s             0           1  0.04s           2025-10-06T16:24:10
================================================================================
[2025-10-06T16:25:10.598+0000] {manager.py:854} INFO - 
================================================================================
DAG File Processing Stats

File Path                       PID  Runtime      # DAGs    # Errors  Last Runtime    Last Run
----------------------------  -----  ---------  --------  ----------  --------------  -------------------
/opt/airflow/dags/airflow.py    818  0.00s             0           1  0.04s           2025-10-06T16:24:40
================================================================================
[2025-10-06T16:25:40.850+0000] {manager.py:854} INFO - 
================================================================================
DAG File Processing Stats

File Path                       PID  Runtime      # DAGs    # Errors  Last Runtime    Last Run
----------------------------  -----  ---------  --------  ----------  --------------  -------------------
/opt/airflow/dags/airflow.py    873  0.01s             0           1  0.04s           2025-10-06T16:25:10
================================================================================
[2025-10-06T16:26:11.105+0000] {manager.py:854} INFO - 
================================================================================
DAG File Processing Stats

File Path                       PID  Runtime      # DAGs    # Errors  Last Runtime    Last Run
----------------------------  -----  ---------  --------  ----------  --------------  -------------------
/opt/airflow/dags/airflow.py    919  0.00s             0           1  0.04s           2025-10-06T16:25:40
================================================================================
[2025-10-06T16:26:41.373+0000] {manager.py:854} INFO - 
================================================================================
DAG File Processing Stats

File Path                       PID  Runtime      # DAGs    # Errors  Last Runtime    Last Run
----------------------------  -----  ---------  --------  ----------  --------------  -------------------
/opt/airflow/dags/airflow.py    965  0.00s             0           1  0.02s           2025-10-06T16:26:11
================================================================================
[2025-10-06T16:27:07.070+0000] {manager.py:465} INFO - Exiting gracefully upon receiving signal 15
[2025-10-06T16:27:40.224+0000] {manager.py:483} INFO - Processing files using up to 2 processes at a time 
[2025-10-06T16:27:40.225+0000] {manager.py:484} INFO - Process each file at most once every 30 seconds
[2025-10-06T16:27:40.225+0000] {manager.py:486} INFO - Checking for new files in /opt/airflow/dags every 300 seconds
[2025-10-06T16:27:40.225+0000] {manager.py:726} INFO - Searching for files in /opt/airflow/dags
[2025-10-06T16:27:40.228+0000] {manager.py:729} INFO - There are 1 files in /opt/airflow/dags
[2025-10-06T16:27:40.256+0000] {manager.py:854} INFO - 
================================================================================
DAG File Processing Stats

File Path                       PID  Runtime      # DAGs    # Errors  Last Runtime    Last Run
----------------------------  -----  ---------  --------  ----------  --------------  ----------
/opt/airflow/dags/airflow.py     44  0.02s             0           0
================================================================================
[2025-10-06T16:28:10.448+0000] {manager.py:854} INFO - 
================================================================================
DAG File Processing Stats

File Path                       PID  Runtime      # DAGs    # Errors  Last Runtime    Last Run
----------------------------  -----  ---------  --------  ----------  --------------  -------------------
/opt/airflow/dags/airflow.py     98  0.00s             0           1  0.03s           2025-10-06T16:27:40
================================================================================
[2025-10-06T16:28:13.290+0000] {manager.py:465} INFO - Exiting gracefully upon receiving signal 15
[2025-10-06T16:33:25.639+0000] {manager.py:483} INFO - Processing files using up to 2 processes at a time 
[2025-10-06T16:33:25.640+0000] {manager.py:484} INFO - Process each file at most once every 30 seconds
[2025-10-06T16:33:25.640+0000] {manager.py:486} INFO - Checking for new files in /opt/airflow/dags every 300 seconds
[2025-10-06T16:33:25.640+0000] {manager.py:726} INFO - Searching for files in /opt/airflow/dags
[2025-10-06T16:33:25.643+0000] {manager.py:729} INFO - There are 1 files in /opt/airflow/dags
[2025-10-06T16:33:25.673+0000] {manager.py:854} INFO - 
================================================================================
DAG File Processing Stats

File Path                        PID  Runtime      # DAGs    # Errors  Last Runtime    Last Run
-----------------------------  -----  ---------  --------  ----------  --------------  ----------
/opt/airflow/dags/lab1_dag.py     44  0.02s             0           0
================================================================================
[2025-10-06T16:33:55.864+0000] {manager.py:854} INFO - 
================================================================================
DAG File Processing Stats

File Path                        PID  Runtime      # DAGs    # Errors  Last Runtime    Last Run
-----------------------------  -----  ---------  --------  ----------  --------------  -------------------
/opt/airflow/dags/lab1_dag.py     99  0.01s             0           1  0.04s           2025-10-06T16:33:25
================================================================================
[2025-10-06T16:33:56.492+0000] {manager.py:465} INFO - Exiting gracefully upon receiving signal 15
[2025-10-06T16:35:11.536+0000] {manager.py:483} INFO - Processing files using up to 2 processes at a time 
[2025-10-06T16:35:11.537+0000] {manager.py:484} INFO - Process each file at most once every 30 seconds
[2025-10-06T16:35:11.537+0000] {manager.py:486} INFO - Checking for new files in /opt/airflow/dags every 300 seconds
[2025-10-06T16:35:11.537+0000] {manager.py:726} INFO - Searching for files in /opt/airflow/dags
[2025-10-06T16:35:11.543+0000] {manager.py:729} INFO - There are 1 files in /opt/airflow/dags
[2025-10-06T16:35:11.579+0000] {manager.py:854} INFO - 
================================================================================
DAG File Processing Stats

File Path                       PID  Runtime      # DAGs    # Errors  Last Runtime    Last Run
----------------------------  -----  ---------  --------  ----------  --------------  ----------
/opt/airflow/dags/airflow.py     44  0.01s             0           0
================================================================================
[2025-10-06T16:35:41.615+0000] {manager.py:854} INFO - 
================================================================================
DAG File Processing Stats

File Path                     PID    Runtime      # DAGs    # Errors  Last Runtime    Last Run
----------------------------  -----  ---------  --------  ----------  --------------  -------------------
/opt/airflow/dags/airflow.py                           1           0  0.85s           2025-10-06T16:35:12
================================================================================
[2025-10-06T16:36:11.979+0000] {manager.py:854} INFO - 
================================================================================
DAG File Processing Stats

File Path                     PID    Runtime      # DAGs    # Errors  Last Runtime    Last Run
----------------------------  -----  ---------  --------  ----------  --------------  -------------------
/opt/airflow/dags/airflow.py                           1           0  0.35s           2025-10-06T16:35:42
================================================================================
[2025-10-06T16:36:42.272+0000] {manager.py:854} INFO - 
================================================================================
DAG File Processing Stats

File Path                     PID    Runtime      # DAGs    # Errors  Last Runtime    Last Run
----------------------------  -----  ---------  --------  ----------  --------------  -------------------
/opt/airflow/dags/airflow.py                           1           0  0.31s           2025-10-06T16:36:13
================================================================================
[2025-10-06T16:37:12.556+0000] {manager.py:854} INFO - 
================================================================================
DAG File Processing Stats

File Path                     PID    Runtime      # DAGs    # Errors  Last Runtime    Last Run
----------------------------  -----  ---------  --------  ----------  --------------  -------------------
/opt/airflow/dags/airflow.py                           1           0  0.39s           2025-10-06T16:36:43
================================================================================
[2025-10-06T16:37:43.264+0000] {manager.py:854} INFO - 
================================================================================
DAG File Processing Stats

File Path                     PID    Runtime      # DAGs    # Errors  Last Runtime    Last Run
----------------------------  -----  ---------  --------  ----------  --------------  -------------------
/opt/airflow/dags/airflow.py                           1           0  0.34s           2025-10-06T16:37:14
================================================================================
[2025-10-06T16:38:13.829+0000] {manager.py:854} INFO - 
================================================================================
DAG File Processing Stats

File Path                     PID    Runtime      # DAGs    # Errors  Last Runtime    Last Run
----------------------------  -----  ---------  --------  ----------  --------------  -------------------
/opt/airflow/dags/airflow.py                           1           0  0.33s           2025-10-06T16:37:44
================================================================================
[2025-10-06T16:38:44.293+0000] {manager.py:854} INFO - 
================================================================================
DAG File Processing Stats

File Path                     PID    Runtime      # DAGs    # Errors  Last Runtime    Last Run
----------------------------  -----  ---------  --------  ----------  --------------  -------------------
/opt/airflow/dags/airflow.py                           1           0  0.30s           2025-10-06T16:38:15
================================================================================
[2025-10-06T16:39:14.815+0000] {manager.py:854} INFO - 
================================================================================
DAG File Processing Stats

File Path                     PID    Runtime      # DAGs    # Errors  Last Runtime    Last Run
----------------------------  -----  ---------  --------  ----------  --------------  -------------------
/opt/airflow/dags/airflow.py                           1           0  0.38s           2025-10-06T16:38:45
================================================================================
[2025-10-06T16:39:45.411+0000] {manager.py:854} INFO - 
================================================================================
DAG File Processing Stats

File Path                     PID    Runtime      # DAGs    # Errors  Last Runtime    Last Run
----------------------------  -----  ---------  --------  ----------  --------------  -------------------
/opt/airflow/dags/airflow.py                           1           0  0.38s           2025-10-06T16:39:16
================================================================================
[2025-10-06T16:40:12.045+0000] {manager.py:726} INFO - Searching for files in /opt/airflow/dags
[2025-10-06T16:40:12.057+0000] {manager.py:729} INFO - There are 1 files in /opt/airflow/dags
[2025-10-06T16:40:16.098+0000] {manager.py:854} INFO - 
================================================================================
DAG File Processing Stats

File Path                     PID    Runtime      # DAGs    # Errors  Last Runtime    Last Run
----------------------------  -----  ---------  --------  ----------  --------------  -------------------
/opt/airflow/dags/airflow.py                           1           0  0.33s           2025-10-06T16:39:47
================================================================================
[2025-10-06T16:40:46.646+0000] {manager.py:854} INFO - 
================================================================================
DAG File Processing Stats

File Path                     PID    Runtime      # DAGs    # Errors  Last Runtime    Last Run
----------------------------  -----  ---------  --------  ----------  --------------  -------------------
/opt/airflow/dags/airflow.py                           1           0  0.34s           2025-10-06T16:40:17
================================================================================
[2025-10-06T16:41:17.249+0000] {manager.py:854} INFO - 
================================================================================
DAG File Processing Stats

File Path                     PID    Runtime      # DAGs    # Errors  Last Runtime    Last Run
----------------------------  -----  ---------  --------  ----------  --------------  -------------------
/opt/airflow/dags/airflow.py                           1           0  0.29s           2025-10-06T16:40:48
================================================================================
[2025-10-06T16:41:47.712+0000] {manager.py:854} INFO - 
================================================================================
DAG File Processing Stats

File Path                     PID    Runtime      # DAGs    # Errors  Last Runtime    Last Run
----------------------------  -----  ---------  --------  ----------  --------------  -------------------
/opt/airflow/dags/airflow.py                           1           0  0.31s           2025-10-06T16:41:18
================================================================================
[2025-10-06T16:42:18.288+0000] {manager.py:854} INFO - 
================================================================================
DAG File Processing Stats

File Path                     PID    Runtime      # DAGs    # Errors  Last Runtime    Last Run
----------------------------  -----  ---------  --------  ----------  --------------  -------------------
/opt/airflow/dags/airflow.py                           1           0  0.29s           2025-10-06T16:41:49
================================================================================
[2025-10-06T16:42:48.799+0000] {manager.py:854} INFO - 
================================================================================
DAG File Processing Stats

File Path                     PID    Runtime      # DAGs    # Errors  Last Runtime    Last Run
----------------------------  -----  ---------  --------  ----------  --------------  -------------------
/opt/airflow/dags/airflow.py                           1           0  0.28s           2025-10-06T16:42:19
================================================================================
[2025-10-06T16:43:19.314+0000] {manager.py:854} INFO - 
================================================================================
DAG File Processing Stats

File Path                     PID    Runtime      # DAGs    # Errors  Last Runtime    Last Run
----------------------------  -----  ---------  --------  ----------  --------------  -------------------
/opt/airflow/dags/airflow.py                           1           0  0.29s           2025-10-06T16:42:50
================================================================================
[2025-10-06T16:43:49.819+0000] {manager.py:854} INFO - 
================================================================================
DAG File Processing Stats

File Path                     PID    Runtime      # DAGs    # Errors  Last Runtime    Last Run
----------------------------  -----  ---------  --------  ----------  --------------  -------------------
/opt/airflow/dags/airflow.py                           1           0  0.29s           2025-10-06T16:43:20
================================================================================
[2025-10-06T16:44:20.396+0000] {manager.py:854} INFO - 
================================================================================
DAG File Processing Stats

File Path                     PID    Runtime      # DAGs    # Errors  Last Runtime    Last Run
----------------------------  -----  ---------  --------  ----------  --------------  -------------------
/opt/airflow/dags/airflow.py                           1           0  0.40s           2025-10-06T16:43:51
================================================================================
[2025-10-06T16:44:50.945+0000] {manager.py:854} INFO - 
================================================================================
DAG File Processing Stats

File Path                     PID    Runtime      # DAGs    # Errors  Last Runtime    Last Run
----------------------------  -----  ---------  --------  ----------  --------------  -------------------
/opt/airflow/dags/airflow.py                           1           0  0.36s           2025-10-06T16:44:22
================================================================================
[2025-10-06T16:45:12.475+0000] {manager.py:726} INFO - Searching for files in /opt/airflow/dags
[2025-10-06T16:45:12.487+0000] {manager.py:729} INFO - There are 1 files in /opt/airflow/dags
[2025-10-06T16:45:21.570+0000] {manager.py:854} INFO - 
================================================================================
DAG File Processing Stats

File Path                     PID    Runtime      # DAGs    # Errors  Last Runtime    Last Run
----------------------------  -----  ---------  --------  ----------  --------------  -------------------
/opt/airflow/dags/airflow.py                           1           0  0.37s           2025-10-06T16:44:52
================================================================================
[2025-10-06T16:45:52.122+0000] {manager.py:854} INFO - 
================================================================================
DAG File Processing Stats

File Path                     PID    Runtime      # DAGs    # Errors  Last Runtime    Last Run
----------------------------  -----  ---------  --------  ----------  --------------  -------------------
/opt/airflow/dags/airflow.py                           1           0  0.31s           2025-10-06T16:45:23
================================================================================
[2025-10-06T16:46:22.620+0000] {manager.py:854} INFO - 
================================================================================
DAG File Processing Stats

File Path                     PID    Runtime      # DAGs    # Errors  Last Runtime    Last Run
----------------------------  -----  ---------  --------  ----------  --------------  -------------------
/opt/airflow/dags/airflow.py                           1           0  0.32s           2025-10-06T16:45:53
================================================================================
[2025-10-06T16:46:53.221+0000] {manager.py:854} INFO - 
================================================================================
DAG File Processing Stats

File Path                     PID    Runtime      # DAGs    # Errors  Last Runtime    Last Run
----------------------------  -----  ---------  --------  ----------  --------------  -------------------
/opt/airflow/dags/airflow.py                           1           0  0.29s           2025-10-06T16:46:24
================================================================================
[2025-10-06T16:47:04.239+0000] {manager.py:465} INFO - Exiting gracefully upon receiving signal 15
[2025-10-06T18:19:01.821+0000] {manager.py:483} INFO - Processing files using up to 2 processes at a time 
[2025-10-06T18:19:01.824+0000] {manager.py:484} INFO - Process each file at most once every 30 seconds
[2025-10-06T18:19:01.824+0000] {manager.py:486} INFO - Checking for new files in /opt/airflow/dags every 300 seconds
[2025-10-06T18:19:01.824+0000] {manager.py:726} INFO - Searching for files in /opt/airflow/dags
[2025-10-06T18:19:01.831+0000] {manager.py:729} INFO - There are 1 files in /opt/airflow/dags
[2025-10-06T18:19:03.659+0000] {manager.py:854} INFO - 
================================================================================
DAG File Processing Stats

File Path                     PID    Runtime      # DAGs    # Errors  Last Runtime    Last Run
----------------------------  -----  ---------  --------  ----------  --------------  -------------------
/opt/airflow/dags/airflow.py                           1           0  0.80s           2025-10-06T18:19:02
================================================================================
[2025-10-06T18:19:34.083+0000] {manager.py:854} INFO - 
================================================================================
DAG File Processing Stats

File Path                     PID    Runtime      # DAGs    # Errors  Last Runtime    Last Run
----------------------------  -----  ---------  --------  ----------  --------------  -------------------
/opt/airflow/dags/airflow.py                           1           0  0.33s           2025-10-06T18:19:33
================================================================================
[2025-10-06T18:20:04.403+0000] {manager.py:854} INFO - 
================================================================================
DAG File Processing Stats

File Path                     PID    Runtime      # DAGs    # Errors  Last Runtime    Last Run
----------------------------  -----  ---------  --------  ----------  --------------  -------------------
/opt/airflow/dags/airflow.py                           1           0  0.43s           2025-10-06T18:20:03
================================================================================
[2025-10-06T18:20:34.988+0000] {manager.py:854} INFO - 
================================================================================
DAG File Processing Stats

File Path                     PID    Runtime      # DAGs    # Errors  Last Runtime    Last Run
----------------------------  -----  ---------  --------  ----------  --------------  -------------------
/opt/airflow/dags/airflow.py                           1           0  0.40s           2025-10-06T18:20:34
================================================================================
[2025-10-06T18:21:05.615+0000] {manager.py:854} INFO - 
================================================================================
DAG File Processing Stats

File Path                     PID    Runtime      # DAGs    # Errors  Last Runtime    Last Run
----------------------------  -----  ---------  --------  ----------  --------------  -------------------
/opt/airflow/dags/airflow.py                           1           0  0.32s           2025-10-06T18:21:04
================================================================================
[2025-10-06T18:21:36.139+0000] {manager.py:854} INFO - 
================================================================================
DAG File Processing Stats

File Path                     PID    Runtime      # DAGs    # Errors  Last Runtime    Last Run
----------------------------  -----  ---------  --------  ----------  --------------  -------------------
/opt/airflow/dags/airflow.py                           1           0  0.44s           2025-10-06T18:21:35
================================================================================
[2025-10-06T18:22:06.157+0000] {manager.py:854} INFO - 
================================================================================
DAG File Processing Stats

File Path                     PID    Runtime      # DAGs    # Errors  Last Runtime    Last Run
----------------------------  -----  ---------  --------  ----------  --------------  -------------------
/opt/airflow/dags/airflow.py                           1           0  0.34s           2025-10-06T18:22:06
================================================================================
[2025-10-06T18:22:36.363+0000] {manager.py:854} INFO - 
================================================================================
DAG File Processing Stats

File Path                       PID  Runtime      # DAGs    # Errors  Last Runtime    Last Run
----------------------------  -----  ---------  --------  ----------  --------------  -------------------
/opt/airflow/dags/airflow.py    421  0.01s             1           0  0.34s           2025-10-06T18:22:06
================================================================================
[2025-10-06T18:23:06.568+0000] {manager.py:854} INFO - 
================================================================================
DAG File Processing Stats

File Path                     PID    Runtime      # DAGs    # Errors  Last Runtime    Last Run
----------------------------  -----  ---------  --------  ----------  --------------  -------------------
/opt/airflow/dags/airflow.py                           1           0  0.29s           2025-10-06T18:22:36
================================================================================
[2025-10-06T18:23:07.317+0000] {manager.py:465} INFO - Exiting gracefully upon receiving signal 15
[2025-10-06T18:23:07.318+0000] {manager.py:465} INFO - Exiting gracefully upon receiving signal 15
[2025-10-06T18:23:07.450+0000] {manager.py:465} INFO - Exiting gracefully upon receiving signal 15
[2025-10-06T18:23:39.828+0000] {manager.py:483} INFO - Processing files using up to 2 processes at a time 
[2025-10-06T18:23:39.829+0000] {manager.py:484} INFO - Process each file at most once every 30 seconds
[2025-10-06T18:23:39.830+0000] {manager.py:486} INFO - Checking for new files in /opt/airflow/dags every 300 seconds
[2025-10-06T18:23:39.831+0000] {manager.py:726} INFO - Searching for files in /opt/airflow/dags
[2025-10-06T18:23:39.843+0000] {manager.py:729} INFO - There are 1 files in /opt/airflow/dags
[2025-10-06T18:23:39.877+0000] {manager.py:854} INFO - 
================================================================================
DAG File Processing Stats

File Path                       PID  Runtime      # DAGs    # Errors  Last Runtime    Last Run
----------------------------  -----  ---------  --------  ----------  --------------  ----------
/opt/airflow/dags/airflow.py     66  0.01s             0           0
================================================================================
[2025-10-06T18:24:09.884+0000] {manager.py:854} INFO - 
================================================================================
DAG File Processing Stats

File Path                     PID    Runtime      # DAGs    # Errors  Last Runtime    Last Run
----------------------------  -----  ---------  --------  ----------  --------------  -------------------
/opt/airflow/dags/airflow.py                           1           0  0.79s           2025-10-06T18:23:40
================================================================================
[2025-10-06T18:24:40.254+0000] {manager.py:854} INFO - 
================================================================================
DAG File Processing Stats

File Path                     PID    Runtime      # DAGs    # Errors  Last Runtime    Last Run
----------------------------  -----  ---------  --------  ----------  --------------  -------------------
/opt/airflow/dags/airflow.py                           1           0  0.39s           2025-10-06T18:24:11
================================================================================
[2025-10-06T18:25:10.705+0000] {manager.py:854} INFO - 
================================================================================
DAG File Processing Stats

File Path                     PID    Runtime      # DAGs    # Errors  Last Runtime    Last Run
----------------------------  -----  ---------  --------  ----------  --------------  -------------------
/opt/airflow/dags/airflow.py                           1           0  0.44s           2025-10-06T18:24:41
================================================================================
[2025-10-06T18:25:36.730+0000] {manager.py:465} INFO - Exiting gracefully upon receiving signal 15
[2025-10-06T18:26:09.192+0000] {manager.py:483} INFO - Processing files using up to 2 processes at a time 
[2025-10-06T18:26:09.193+0000] {manager.py:484} INFO - Process each file at most once every 30 seconds
[2025-10-06T18:26:09.197+0000] {manager.py:486} INFO - Checking for new files in /opt/airflow/dags every 300 seconds
[2025-10-06T18:26:09.197+0000] {manager.py:726} INFO - Searching for files in /opt/airflow/dags
[2025-10-06T18:26:09.204+0000] {manager.py:729} INFO - There are 1 files in /opt/airflow/dags
[2025-10-06T18:26:09.230+0000] {manager.py:854} INFO - 
================================================================================
DAG File Processing Stats

File Path                       PID  Runtime      # DAGs    # Errors  Last Runtime    Last Run
----------------------------  -----  ---------  --------  ----------  --------------  ----------
/opt/airflow/dags/airflow.py     66  0.01s             0           0
================================================================================
[2025-10-06T18:26:39.323+0000] {manager.py:854} INFO - 
================================================================================
DAG File Processing Stats

File Path                     PID    Runtime      # DAGs    # Errors  Last Runtime    Last Run
----------------------------  -----  ---------  --------  ----------  --------------  -------------------
/opt/airflow/dags/airflow.py                           1           0  0.89s           2025-10-06T18:26:10
================================================================================
[2025-10-06T18:27:09.698+0000] {manager.py:854} INFO - 
================================================================================
DAG File Processing Stats

File Path                     PID    Runtime      # DAGs    # Errors  Last Runtime    Last Run
----------------------------  -----  ---------  --------  ----------  --------------  -------------------
/opt/airflow/dags/airflow.py                           1           0  0.39s           2025-10-06T18:26:40
================================================================================
[2025-10-06T18:27:40.162+0000] {manager.py:854} INFO - 
================================================================================
DAG File Processing Stats

File Path                     PID    Runtime      # DAGs    # Errors  Last Runtime    Last Run
----------------------------  -----  ---------  --------  ----------  --------------  -------------------
/opt/airflow/dags/airflow.py                           1           0  0.34s           2025-10-06T18:27:11
================================================================================
[2025-10-06T18:28:10.779+0000] {manager.py:854} INFO - 
================================================================================
DAG File Processing Stats

File Path                     PID    Runtime      # DAGs    # Errors  Last Runtime    Last Run
----------------------------  -----  ---------  --------  ----------  --------------  -------------------
/opt/airflow/dags/airflow.py                           1           0  0.31s           2025-10-06T18:27:41
================================================================================
[2025-10-06T18:28:41.291+0000] {manager.py:854} INFO - 
================================================================================
DAG File Processing Stats

File Path                     PID    Runtime      # DAGs    # Errors  Last Runtime    Last Run
----------------------------  -----  ---------  --------  ----------  --------------  -------------------
/opt/airflow/dags/airflow.py                           1           0  0.31s           2025-10-06T18:28:12
================================================================================
[2025-10-06T18:29:11.837+0000] {manager.py:854} INFO - 
================================================================================
DAG File Processing Stats

File Path                     PID    Runtime      # DAGs    # Errors  Last Runtime    Last Run
----------------------------  -----  ---------  --------  ----------  --------------  -------------------
/opt/airflow/dags/airflow.py                           1           0  0.35s           2025-10-06T18:28:42
================================================================================
[2025-10-06T18:29:42.446+0000] {manager.py:854} INFO - 
================================================================================
DAG File Processing Stats

File Path                     PID    Runtime      # DAGs    # Errors  Last Runtime    Last Run
----------------------------  -----  ---------  --------  ----------  --------------  -------------------
/opt/airflow/dags/airflow.py                           1           0  0.31s           2025-10-06T18:29:13
================================================================================
[2025-10-06T18:33:46.216+0000] {manager.py:726} INFO - Searching for files in /opt/airflow/dags
[2025-10-06T18:33:46.229+0000] {manager.py:729} INFO - There are 1 files in /opt/airflow/dags
[2025-10-06T18:33:55.316+0000] {manager.py:854} INFO - 
================================================================================
DAG File Processing Stats

File Path                     PID    Runtime      # DAGs    # Errors  Last Runtime    Last Run
----------------------------  -----  ---------  --------  ----------  --------------  -------------------
/opt/airflow/dags/airflow.py                           1           0  0.29s           2025-10-06T18:33:46
================================================================================
[2025-10-06T18:34:25.818+0000] {manager.py:854} INFO - 
================================================================================
DAG File Processing Stats

File Path                     PID    Runtime      # DAGs    # Errors  Last Runtime    Last Run
----------------------------  -----  ---------  --------  ----------  --------------  -------------------
/opt/airflow/dags/airflow.py                           1           0  0.36s           2025-10-06T18:34:17
================================================================================
[2025-10-06T18:34:55.843+0000] {manager.py:854} INFO - 
================================================================================
DAG File Processing Stats

File Path                     PID    Runtime      # DAGs    # Errors  Last Runtime    Last Run
----------------------------  -----  ---------  --------  ----------  --------------  -------------------
/opt/airflow/dags/airflow.py                           1           0  0.46s           2025-10-06T18:34:47
================================================================================
[2025-10-06T18:35:26.100+0000] {manager.py:854} INFO - 
================================================================================
DAG File Processing Stats

File Path                     PID    Runtime      # DAGs    # Errors  Last Runtime    Last Run
----------------------------  -----  ---------  --------  ----------  --------------  -------------------
/opt/airflow/dags/airflow.py                           1           0  0.32s           2025-10-06T18:35:18
================================================================================
[2025-10-06T18:35:56.658+0000] {manager.py:854} INFO - 
================================================================================
DAG File Processing Stats

File Path                     PID    Runtime      # DAGs    # Errors  Last Runtime    Last Run
----------------------------  -----  ---------  --------  ----------  --------------  -------------------
/opt/airflow/dags/airflow.py                           1           0  0.35s           2025-10-06T18:35:48
================================================================================
[2025-10-06T18:36:27.221+0000] {manager.py:854} INFO - 
================================================================================
DAG File Processing Stats

File Path                     PID    Runtime      # DAGs    # Errors  Last Runtime    Last Run
----------------------------  -----  ---------  --------  ----------  --------------  -------------------
/opt/airflow/dags/airflow.py                           1           0  0.31s           2025-10-06T18:36:19
================================================================================
[2025-10-06T18:36:57.768+0000] {manager.py:854} INFO - 
================================================================================
DAG File Processing Stats

File Path                     PID    Runtime      # DAGs    # Errors  Last Runtime    Last Run
----------------------------  -----  ---------  --------  ----------  --------------  -------------------
/opt/airflow/dags/airflow.py                           1           0  0.32s           2025-10-06T18:36:49
================================================================================
[2025-10-06T18:37:28.317+0000] {manager.py:854} INFO - 
================================================================================
DAG File Processing Stats

File Path                     PID    Runtime      # DAGs    # Errors  Last Runtime    Last Run
----------------------------  -----  ---------  --------  ----------  --------------  -------------------
/opt/airflow/dags/airflow.py                           1           0  0.34s           2025-10-06T18:37:20
================================================================================
[2025-10-06T18:37:58.819+0000] {manager.py:854} INFO - 
================================================================================
DAG File Processing Stats

File Path                     PID    Runtime      # DAGs    # Errors  Last Runtime    Last Run
----------------------------  -----  ---------  --------  ----------  --------------  -------------------
/opt/airflow/dags/airflow.py                           1           0  0.32s           2025-10-06T18:37:51
================================================================================
[2025-10-06T18:38:29.383+0000] {manager.py:854} INFO - 
================================================================================
DAG File Processing Stats

File Path                     PID    Runtime      # DAGs    # Errors  Last Runtime    Last Run
----------------------------  -----  ---------  --------  ----------  --------------  -------------------
/opt/airflow/dags/airflow.py                           1           0  0.30s           2025-10-06T18:38:21
================================================================================
[2025-10-06T18:38:46.549+0000] {manager.py:726} INFO - Searching for files in /opt/airflow/dags
[2025-10-06T18:38:46.561+0000] {manager.py:729} INFO - There are 1 files in /opt/airflow/dags
[2025-10-06T18:38:59.861+0000] {manager.py:854} INFO - 
================================================================================
DAG File Processing Stats

File Path                     PID    Runtime      # DAGs    # Errors  Last Runtime    Last Run
----------------------------  -----  ---------  --------  ----------  --------------  -------------------
/opt/airflow/dags/airflow.py                           1           0  0.32s           2025-10-06T18:38:51
================================================================================
[2025-10-06T18:39:26.952+0000] {manager.py:465} INFO - Exiting gracefully upon receiving signal 15
