[2025-10-06T18:20:06.980+0000] {taskinstance.py:1083} INFO - Dependencies all met for <TaskInstance: Airflow_Lab1.load_model_task manual__2025-10-06T18:20:01.334697+00:00 [queued]>
[2025-10-06T18:20:06.983+0000] {taskinstance.py:1083} INFO - Dependencies all met for <TaskInstance: Airflow_Lab1.load_model_task manual__2025-10-06T18:20:01.334697+00:00 [queued]>
[2025-10-06T18:20:06.983+0000] {taskinstance.py:1279} INFO - 
--------------------------------------------------------------------------------
[2025-10-06T18:20:06.983+0000] {taskinstance.py:1280} INFO - Starting attempt 1 of 1
[2025-10-06T18:20:06.983+0000] {taskinstance.py:1281} INFO - 
--------------------------------------------------------------------------------
[2025-10-06T18:20:06.988+0000] {taskinstance.py:1300} INFO - Executing <Task(PythonOperator): load_model_task> on 2025-10-06 18:20:01.334697+00:00
[2025-10-06T18:20:06.991+0000] {standard_task_runner.py:55} INFO - Started process 4132 to run task
[2025-10-06T18:20:06.993+0000] {standard_task_runner.py:82} INFO - Running: ['***', 'tasks', 'run', 'Airflow_Lab1', 'load_model_task', 'manual__2025-10-06T18:20:01.334697+00:00', '--job-id', '22', '--raw', '--subdir', 'DAGS_FOLDER/***.py', '--cfg-path', '/tmp/tmpeskmiszl']
[2025-10-06T18:20:06.994+0000] {standard_task_runner.py:83} INFO - Job 22: Subtask load_model_task
[2025-10-06T18:20:07.020+0000] {task_command.py:388} INFO - Running <TaskInstance: Airflow_Lab1.load_model_task manual__2025-10-06T18:20:01.334697+00:00 [running]> on host fedb6d8c3354
[2025-10-06T18:20:07.053+0000] {taskinstance.py:1509} INFO - Exporting the following env vars:
AIRFLOW_CTX_DAG_OWNER=your_name
AIRFLOW_CTX_DAG_ID=Airflow_Lab1
AIRFLOW_CTX_TASK_ID=load_model_task
AIRFLOW_CTX_EXECUTION_DATE=2025-10-06T18:20:01.334697+00:00
AIRFLOW_CTX_TRY_NUMBER=1
AIRFLOW_CTX_DAG_RUN_ID=manual__2025-10-06T18:20:01.334697+00:00
[2025-10-06T18:20:07.055+0000] {logging_mixin.py:137} INFO - Optimal no. of clusters: 8
[2025-10-06T18:20:07.058+0000] {warnings.py:110} WARNING - /home/***/.local/lib/python3.7/site-packages/sklearn/base.py:444: UserWarning: X has feature names, but MiniBatchKMeans was fitted without feature names
  f"X has feature names, but {self.__class__.__name__} was fitted without"

[2025-10-06T18:20:07.059+0000] {taskinstance.py:1768} ERROR - Task failed with exception
Traceback (most recent call last):
  File "/home/airflow/.local/lib/python3.7/site-packages/airflow/operators/python.py", line 175, in execute
    return_value = self.execute_callable()
  File "/home/airflow/.local/lib/python3.7/site-packages/airflow/operators/python.py", line 192, in execute_callable
    return self.python_callable(*self.op_args, **self.op_kwargs)
  File "/opt/airflow/dags/src/lab.py", line 113, in load_model_elbow
    pred = loaded_model.predict(df)[0]
  File "/home/airflow/.local/lib/python3.7/site-packages/sklearn/cluster/_kmeans.py", line 2147, in predict
    X = self._check_test_data(X)
  File "/home/airflow/.local/lib/python3.7/site-packages/sklearn/cluster/_kmeans.py", line 1013, in _check_test_data
    accept_large_sparse=False,
  File "/home/airflow/.local/lib/python3.7/site-packages/sklearn/base.py", line 585, in _validate_data
    self._check_n_features(X, reset=reset)
  File "/home/airflow/.local/lib/python3.7/site-packages/sklearn/base.py", line 401, in _check_n_features
    f"X has {n_features} features, but {self.__class__.__name__} "
ValueError: X has 3 features, but MiniBatchKMeans is expecting 2 features as input.
[2025-10-06T18:20:07.062+0000] {taskinstance.py:1323} INFO - Marking task as FAILED. dag_id=Airflow_Lab1, task_id=load_model_task, execution_date=20251006T182001, start_date=20251006T182006, end_date=20251006T182007
[2025-10-06T18:20:07.068+0000] {standard_task_runner.py:105} ERROR - Failed to execute job 22 for task load_model_task (X has 3 features, but MiniBatchKMeans is expecting 2 features as input.; 4132)
[2025-10-06T18:20:07.089+0000] {local_task_job.py:208} INFO - Task exited with return code 1
[2025-10-06T18:20:07.098+0000] {taskinstance.py:2578} INFO - 0 downstream tasks scheduled from follow-on schedule check
