[2025-10-06T16:33:25.669+0000] {processor.py:153} INFO - Started process (PID=44) to work on /opt/airflow/dags/lab1_dag.py
[2025-10-06T16:33:25.670+0000] {processor.py:743} INFO - Processing file /opt/airflow/dags/lab1_dag.py for tasks to queue
[2025-10-06T16:33:25.671+0000] {logging_mixin.py:137} INFO - [2025-10-06T16:33:25.670+0000] {dagbag.py:538} INFO - Filling up the DagBag from /opt/airflow/dags/lab1_dag.py
[2025-10-06T16:33:25.676+0000] {logging_mixin.py:137} INFO - [2025-10-06T16:33:25.675+0000] {dagbag.py:343} ERROR - Failed to import: /opt/airflow/dags/lab1_dag.py
Traceback (most recent call last):
  File "/home/airflow/.local/lib/python3.7/site-packages/airflow/models/dagbag.py", line 339, in parse
    loader.exec_module(new_module)
  File "<frozen importlib._bootstrap_external>", line 728, in exec_module
  File "<frozen importlib._bootstrap>", line 219, in _call_with_frames_removed
  File "/opt/airflow/dags/lab1_dag.py", line 4, in <module>
    from airflow.providers.standard.operators.python import PythonOperator
ModuleNotFoundError: No module named 'airflow.providers.standard'
[2025-10-06T16:33:25.677+0000] {processor.py:755} WARNING - No viable dags retrieved from /opt/airflow/dags/lab1_dag.py
[2025-10-06T16:33:25.689+0000] {processor.py:175} INFO - Processing /opt/airflow/dags/lab1_dag.py took 0.022 seconds
[2025-10-06T16:33:55.875+0000] {processor.py:153} INFO - Started process (PID=99) to work on /opt/airflow/dags/lab1_dag.py
[2025-10-06T16:33:55.877+0000] {processor.py:743} INFO - Processing file /opt/airflow/dags/lab1_dag.py for tasks to queue
[2025-10-06T16:33:55.878+0000] {logging_mixin.py:137} INFO - [2025-10-06T16:33:55.877+0000] {dagbag.py:538} INFO - Filling up the DagBag from /opt/airflow/dags/lab1_dag.py
[2025-10-06T16:33:55.884+0000] {logging_mixin.py:137} INFO - [2025-10-06T16:33:55.882+0000] {dagbag.py:343} ERROR - Failed to import: /opt/airflow/dags/lab1_dag.py
Traceback (most recent call last):
  File "/home/airflow/.local/lib/python3.7/site-packages/airflow/models/dagbag.py", line 339, in parse
    loader.exec_module(new_module)
  File "<frozen importlib._bootstrap_external>", line 728, in exec_module
  File "<frozen importlib._bootstrap>", line 219, in _call_with_frames_removed
  File "/opt/airflow/dags/lab1_dag.py", line 4, in <module>
    from airflow.providers.standard.operators.python import PythonOperator
ModuleNotFoundError: No module named 'airflow.providers.standard'
[2025-10-06T16:33:55.885+0000] {processor.py:755} WARNING - No viable dags retrieved from /opt/airflow/dags/lab1_dag.py
[2025-10-06T16:33:55.917+0000] {processor.py:175} INFO - Processing /opt/airflow/dags/lab1_dag.py took 0.046 seconds
