[2025-10-06T16:36:10.703+0000] {taskinstance.py:1083} INFO - Dependencies all met for <TaskInstance: Airflow_Lab1.build_save_model_task manual__2025-10-06T16:36:06.809833+00:00 [queued]>
[2025-10-06T16:36:10.707+0000] {taskinstance.py:1083} INFO - Dependencies all met for <TaskInstance: Airflow_Lab1.build_save_model_task manual__2025-10-06T16:36:06.809833+00:00 [queued]>
[2025-10-06T16:36:10.708+0000] {taskinstance.py:1279} INFO - 
--------------------------------------------------------------------------------
[2025-10-06T16:36:10.708+0000] {taskinstance.py:1280} INFO - Starting attempt 1 of 1
[2025-10-06T16:36:10.708+0000] {taskinstance.py:1281} INFO - 
--------------------------------------------------------------------------------
[2025-10-06T16:36:10.714+0000] {taskinstance.py:1300} INFO - Executing <Task(PythonOperator): build_save_model_task> on 2025-10-06 16:36:06.809833+00:00
[2025-10-06T16:36:10.717+0000] {standard_task_runner.py:55} INFO - Started process 169 to run task
[2025-10-06T16:36:10.718+0000] {standard_task_runner.py:82} INFO - Running: ['***', 'tasks', 'run', 'Airflow_Lab1', 'build_save_model_task', 'manual__2025-10-06T16:36:06.809833+00:00', '--job-id', '14', '--raw', '--subdir', 'DAGS_FOLDER/***.py', '--cfg-path', '/tmp/tmpioqu96i2']
[2025-10-06T16:36:10.721+0000] {standard_task_runner.py:83} INFO - Job 14: Subtask build_save_model_task
[2025-10-06T16:36:10.743+0000] {task_command.py:388} INFO - Running <TaskInstance: Airflow_Lab1.build_save_model_task manual__2025-10-06T16:36:06.809833+00:00 [running]> on host 92a1df9693a6
[2025-10-06T16:36:10.779+0000] {taskinstance.py:1509} INFO - Exporting the following env vars:
AIRFLOW_CTX_DAG_OWNER=your_name
AIRFLOW_CTX_DAG_ID=Airflow_Lab1
AIRFLOW_CTX_TASK_ID=build_save_model_task
AIRFLOW_CTX_EXECUTION_DATE=2025-10-06T16:36:06.809833+00:00
AIRFLOW_CTX_TRY_NUMBER=1
AIRFLOW_CTX_DAG_RUN_ID=manual__2025-10-06T16:36:06.809833+00:00
[2025-10-06T16:36:59.133+0000] {python.py:177} INFO - Done. Returned value was: [250.32804209291436, 128.89457877623195, 91.64833975738141, 72.4692153244092, 59.861406959778556, 52.06204237509111, 46.711186548043024, 41.50326475167142, 36.92823709391969, 33.986075968719675, 31.15817166791376, 28.845480032058727, 26.874432296111305, 25.999512369945638, 24.185078072393754, 22.713950061729726, 21.640087323981113, 20.78030480822549, 19.976783465801397, 19.4386693402709, 19.066399314354566, 18.446853884604558, 17.947211161985987, 16.89880742487726, 16.963181977976234, 16.582840757316497, 15.83565154409154, 15.775551490572003, 15.3855073175332, 15.02024318040923, 14.882873240965235, 14.60768698430239, 14.306186090616873, 13.891614733454851, 13.805485778871228, 13.361866184299295, 13.367890857521076, 13.073601934790835, 12.98119689135762, 13.028578398100313, 12.86700841886399, 12.617297944046326, 12.382973425034512, 12.11263467122803, 11.836539142218328, 11.577385920665519, 11.128836068114497, 11.0628045451492, 11.1581749402521]
[2025-10-06T16:36:59.147+0000] {taskinstance.py:1323} INFO - Marking task as SUCCESS. dag_id=Airflow_Lab1, task_id=build_save_model_task, execution_date=20251006T163606, start_date=20251006T163610, end_date=20251006T163659
[2025-10-06T16:36:59.180+0000] {local_task_job.py:208} INFO - Task exited with return code 0
[2025-10-06T16:36:59.189+0000] {taskinstance.py:2578} INFO - 1 downstream tasks scheduled from follow-on schedule check
