[2025-10-06T18:26:52.276+0000] {taskinstance.py:1083} INFO - Dependencies all met for <TaskInstance: Airflow_Lab1.build_save_model_task manual__2025-10-06T18:26:47.646068+00:00 [queued]>
[2025-10-06T18:26:52.287+0000] {taskinstance.py:1083} INFO - Dependencies all met for <TaskInstance: Airflow_Lab1.build_save_model_task manual__2025-10-06T18:26:47.646068+00:00 [queued]>
[2025-10-06T18:26:52.287+0000] {taskinstance.py:1279} INFO - 
--------------------------------------------------------------------------------
[2025-10-06T18:26:52.287+0000] {taskinstance.py:1280} INFO - Starting attempt 1 of 1
[2025-10-06T18:26:52.287+0000] {taskinstance.py:1281} INFO - 
--------------------------------------------------------------------------------
[2025-10-06T18:26:52.294+0000] {taskinstance.py:1300} INFO - Executing <Task(PythonOperator): build_save_model_task> on 2025-10-06 18:26:47.646068+00:00
[2025-10-06T18:26:52.297+0000] {standard_task_runner.py:55} INFO - Started process 153 to run task
[2025-10-06T18:26:52.299+0000] {standard_task_runner.py:82} INFO - Running: ['***', 'tasks', 'run', 'Airflow_Lab1', 'build_save_model_task', 'manual__2025-10-06T18:26:47.646068+00:00', '--job-id', '33', '--raw', '--subdir', 'DAGS_FOLDER/***.py', '--cfg-path', '/tmp/tmpqjrqhd0s']
[2025-10-06T18:26:52.300+0000] {standard_task_runner.py:83} INFO - Job 33: Subtask build_save_model_task
[2025-10-06T18:26:52.328+0000] {task_command.py:388} INFO - Running <TaskInstance: Airflow_Lab1.build_save_model_task manual__2025-10-06T18:26:47.646068+00:00 [running]> on host 066af9875331
[2025-10-06T18:26:52.374+0000] {taskinstance.py:1509} INFO - Exporting the following env vars:
AIRFLOW_CTX_DAG_OWNER=your_name
AIRFLOW_CTX_DAG_ID=Airflow_Lab1
AIRFLOW_CTX_TASK_ID=build_save_model_task
AIRFLOW_CTX_EXECUTION_DATE=2025-10-06T18:26:47.646068+00:00
AIRFLOW_CTX_TRY_NUMBER=1
AIRFLOW_CTX_DAG_RUN_ID=manual__2025-10-06T18:26:47.646068+00:00
[2025-10-06T18:26:55.187+0000] {python.py:177} INFO - Done. Returned value was: [235.96230821525856, 115.87605311907586, 77.93911720831622, 65.58057115937775, 46.583137817274924, 41.82534348833416, 36.94087268168723, 32.48148064049091, 30.28793947428105, 24.261113402467693, 21.92323625686724, 21.051601156698396, 20.435884572863195, 19.75725364695324, 19.376654122804688, 18.589126133128794, 15.929405750524557, 15.623223028864642, 20.403154410649385, 19.390167219943795, 18.005145301169925, 15.23559197713459, 15.179400829476936, 14.12487881854107, 12.628269265561238, 12.47935777704541, 12.432834275607256, 11.72377024765239, 10.815740695031202, 10.33546954460077, 10.328013450185525, 10.274397120827427, 10.24978002167507, 10.244269520949075, 10.13896790071046, 10.136274637528803, 10.112938105453383, 10.096313065614964, 9.967348190269483, 9.449638699540406, 9.377408363038457, 9.345917185380026, 9.016042372475951, 9.006269737654215, 8.751295518898301, 8.527098909854473, 8.39655526945346, 8.390531295071064, 8.388795511381279]
[2025-10-06T18:26:55.198+0000] {taskinstance.py:1323} INFO - Marking task as SUCCESS. dag_id=Airflow_Lab1, task_id=build_save_model_task, execution_date=20251006T182647, start_date=20251006T182652, end_date=20251006T182655
[2025-10-06T18:26:55.236+0000] {local_task_job.py:208} INFO - Task exited with return code 0
[2025-10-06T18:26:55.246+0000] {taskinstance.py:2578} INFO - 1 downstream tasks scheduled from follow-on schedule check
